{"level":"error","message":"POST /api/auth/register - Error: Password must be at least 7 characters long."}
{"level":"error","message":"POST /api/auth/register - Error: Password must contain at least one uppercase letter, one special character, and one number."}
{"level":"error","message":"POST /api/auth/register - Error: Password must contain at least one uppercase letter, one special character, and one number."}
{"level":"error","message":"POST /api/auth/register - Error: User already exists"}
{"level":"error","message":"POST /api/auth/login - Error: Invalid email or password"}
{"level":"error","message":"POST /api/auth/login - Error: User not found. Please register first."}
{"level":"error","message":"POST /api/auth/login - Error: Invalid email or password"}
{"level":"error","message":"POST /api/auth/login - Error: Invalid email or password"}
{"level":"error","message":"POST /api/auth/login - Error: Invalid email or password"}
{"level":"error","message":"POST /api/auth/login - Error: Invalid email or password"}
{"level":"error","message":"POST /api/auth/login - Error: Invalid email or password"}
{"level":"error","message":"POST /api/auth/login - Error: \"name\" is not allowed"}
{"level":"error","message":"POST /api/auth/login - Error: Invalid email or password"}
{"level":"error","message":"POST /api/auth/login - Error: Invalid email or password"}
{"level":"error","message":"POST /api/auth/login - Error: Invalid email or password"}
{"level":"error","message":"POST /api/auth/login - Error: Invalid email or password"}
{"level":"error","message":"POST /api/auth/login - Error: Invalid email or password"}
{"level":"error","message":"POST /api/auth/login - Error: Invalid email or password"}
{"level":"error","message":"POST /api/auth/login - Error: Invalid email or password"}
{"level":"error","message":"POST /api/auth/login - Error: Invalid email or password"}
{"level":"error","message":"GET /api/wallet - Error: Solana wallet not found."}
{"level":"error","message":"POST /api/wallet/create - Error: Cannot read properties of undefined (reading 'words')"}
{"level":"error","message":"POST /api/wallet/create - Error: Cannot read properties of undefined (reading 'words')"}
{"level":"error","message":"POST /api/wallet/create - Error: Cannot read properties of undefined (reading 'words')"}
{"level":"error","message":"POST /api/wallet/create - Error: Cannot read properties of undefined (reading 'words')"}
{"level":"error","message":"POST /api/wallet/create - Error: Cannot read properties of undefined (reading 'words')"}
{"level":"error","message":"POST /api/wallet/create - Error: Cannot read properties of undefined (reading 'words')"}
{"level":"error","message":"POST /api/wallet/import - Error: bad secret key size"}
{"level":"error","message":"POST /api/wallet/import - Error: bad secret key size"}
{"level":"error","message":"POST /api/wallet/import - Error: bad secret key size"}
{"level":"error","message":"POST /api/auth/reset-password - Error: Password must contain at least one uppercase letter, one special character, and one number."}
{"level":"error","message":"POST /api/auth/login - Error: Invalid email or password"}
{"level":"error","message":"POST /api/auth/reset-password - Error: New password cannot be the same as the old password."}
{"level":"error","message":"POST /api/auth/login - Error: Invalid email or password"}
{"level":"error","message":"GET /api/tokens - Error: Failed to fetch tokens"}
{"level":"error","message":"GET /api/tokens - Error: write EPROTO 40282CDE7B7F0000:error:0A000458:SSL routines:ssl3_read_bytes:tlsv1 unrecognized name:../deps/openssl/openssl/ssl/record/rec_layer_s3.c:1605:SSL alert number 112\n"}
{"level":"error","message":"GET /api/tokens - Error: Failed to fetch tokens"}
{"level":"error","message":"GET /api/token/price/27G8MtK7VtTcCHkpASjSDdkWWYfoqT6ggEuKidVJidD4 - Error: Error fetching token price"}
{"level":"error","message":"GET /api/token/price/27G8MtK7VtTcCHkpASjSDdkWWYfoqT6ggEuKidVJidD4 - Error: Error fetching token price"}
{"level":"error","message":"GET /api/token/price/27G8MtK7VtTcCHkpASjSDdkWWYfoqT6ggEuKidVJidD4 - Error: Error fetching token price"}
{"level":"error","message":"GET /api/quotation - Error: Error fetching quotation: getaddrinfo ENOTFOUND transacton-v1.raydium.io"}
{"level":"error","message":"GET /api/quotation - Error: Error fetching quotation"}
{"level":"error","message":"GET /api/quotation - Error: Error fetching quotation"}
{"level":"error","message":"GET /api/quotation - Error: Error fetching quotation"}
{"level":"error","message":"GET /api/quotation - Error: \"amount\" must be a safe number"}
{"level":"error","message":"GET /api/quotation - Error: \"amount\" must be a safe number"}
{"level":"error","message":"GET /api/quotation - Error: \"slippage\" is required"}
{"level":"error","message":"GET /api/quotation - Error: \"slippage\" is required"}
{"level":"error","message":"GET /api/quotation - Error: Error fetching quotation"}
{"level":"error","message":"GET /api/quotation - Error: Error fetching quotation"}
{"level":"error","message":"GET /api/quotation - Error: Error fetching quotation"}
{"level":"error","message":"GET /api/quotation - Error: Error in swap execution"}
{"level":"error","message":"GET /api/quotation - Error: Error in swap execution"}
{"level":"error","message":"GET /api/quotation - Error: Error in swap execution"}
{"level":"error","message":"GET /api/quotation - Error: Error in swap execution"}
{"level":"error","message":"GET /api/quotation - Error: Error in swap execution"}
{"level":"error","message":"GET /api/quotation - Error: Jupiter Swap Failed: The first argument must be of type string or an instance of Buffer, ArrayBuffer, or Array or an Array-like Object. Received an instance of Object"}
{"level":"error","message":"GET /api/quotation - Error: getaddrinfo EAI_AGAIN transaction-v1.raydium.io"}
{"level":"error","message":"GET /api/quotation - Error: getaddrinfo EAI_AGAIN transaction-v1.raydium.io"}
{"level":"error","message":"GET /api/quotation - Error: Cannot read properties of undefined (reading 'map')"}
{"level":"error","message":"GET /api/quotation - Error: Cannot read properties of undefined (reading 'map')"}
{"level":"error","message":"GET /api/quotation - Error: swapTransactions.data.map is not a function"}
{"level":"error","message":"GET /api/quotation - Error: getaddrinfo EAI_AGAIN api-v3.raydium.io"}
{"level":"error","message":"GET /api/quotation - Error: swapTransactions.data.map is not a function"}
{"level":"error","message":"GET /api/quotation - Error: swapTransactions.data.map is not a function"}
{"level":"error","message":"GET /api/quotation - Error: swapTransactions.data.map is not a function"}
{"level":"error","message":"GET /api/quotation - Error: swapTransactions.data.map is not a function"}
{"level":"error","message":"GET /api/quotation - Error: Failed to execute the swapping from Raydium."}
{"level":"error","message":"GET /api/quotation - Error: Request failed with status code 422"}
{"level":"error","message":"GET /api/quotation - Error: Request failed with status code 422"}
{"level":"error","message":"GET /api/quotation - Error: Failed to execute the swapping from Raydium."}
{"level":"error","message":"GET /api/quotation - Error: Signature 44TodffCAirUPSmiWf3Rf4tV5k1xtwdLog9dKirAjDiosaDM9uSVJRwrwdJdwRf9w9KnmWpdgreDyiT7Bt1NabzQ has expired: block height exceeded."}
{"level":"error","message":"POST /api/auth/register - Error: Password must contain at least one uppercase letter, one special character, and one number."}
{"level":"error","message":"POST /api/auth/register - Error: Password must contain at least one uppercase letter, one special character, and one number."}
{"level":"error","message":"POST /api/auth/register - Error: Password must contain at least one uppercase letter, one special character, and one number."}
{"level":"error","message":"POST /api/auth/register - Error: User already exists"}
{"level":"error","message":"POST /api/auth/register - Error: Email must be a valid email address."}
{"level":"error","message":"POST /api/auth/register - Error: User already exists"}
{"level":"error","message":"POST /api/auth/login - Error: User not found. Please register first."}
{"level":"error","message":"POST /api/auth/login - Error: User not found. Please register first."}
{"level":"error","message":"POST /api/auth/login - Error: User not found. Please register first."}
{"level":"error","message":"POST /api/auth/login - Error: User not found. Please register first."}
{"level":"error","message":"POST /api/auth/login - Error: User not found. Please register first."}
{"level":"error","message":"POST /api/auth/register - Error: Password must contain at least one uppercase letter, one special character, and one number."}
{"level":"error","message":"POST /api/auth/login - Error: Invalid email or password"}
{"level":"error","message":"POST /api/auth/login - Error: Invalid email or password"}
{"level":"error","message":"POST /api/auth/login - Error: User not found. Please register first."}
{"level":"error","message":"POST /api/auth/login - Error: Invalid email or password"}
{"level":"error","message":"POST /api/auth/login - Error: Invalid email or password"}
{"level":"error","message":"POST /api/auth/request-password-reset - Error: User with this email does not exist."}
{"level":"error","message":"POST /api/auth/login - Error: User not found. Please register first."}
{"level":"error","message":"POST /api/auth/login - Error: User not found. Please register first."}
{"level":"error","message":"POST /api/auth/refresh-token - Error: Session expired. Please login again."}
{"level":"error","message":"POST /api/auth/refresh-token - Error: Session expired. Please login again."}
{"level":"error","message":"POST /api/auth/login - Error: Invalid email or password"}
{"level":"error","message":"POST /api/auth/reset-password - Error: New password cannot be the same as the old password."}
{"level":"error","message":"POST /api/auth/reset-password - Error: New password cannot be the same as the old password."}
{"level":"error","message":"POST /api/auth/reset-password - Error: New password cannot be the same as the old password."}
{"level":"error","message":"POST /api/auth/login - Error: User not found. Please register first."}
{"level":"error","message":"POST /api/auth/register - Error: User already exists"}
{"level":"error","message":"POST /api/auth/login - Error: Invalid email or password"}
{"level":"error","message":"POST /api/wallet/create - Error: Wallet already exists."}
{"level":"error","message":"POST /api/wallet/create - Error: Wallet already exists."}
{"level":"error","message":"POST /api/wallet/create - Error: Wallet already exists."}
{"level":"error","message":"POST /api/wallet/create - Error: Wallet already exists."}
{"level":"error","message":"POST /api/wallet/create - Error: Wallet already exists."}
{"level":"error","message":"POST /api/auth/refresh-token - Error: Session expired. Please login again."}
{"level":"error","message":"POST /api/auth/refresh-token - Error: Session expired. Please login again."}
{"level":"error","message":"POST /api/auth/refresh-token - Error: Session expired. Please login again."}
{"level":"error","message":"POST /api/auth/refresh-token - Error: Session expired. Please login again."}
{"level":"error","message":"POST /api/auth/refresh-token - Error: Session expired. Please login again."}
{"level":"error","message":"POST /api/auth/refresh-token - Error: Session expired. Please login again."}
{"level":"error","message":"POST /api/auth/refresh-token - Error: Session expired. Please login again."}
{"level":"error","message":"POST /api/auth/refresh-token - Error: Session expired. Please login again."}
{"level":"error","message":"POST /api/auth/refresh-token - Error: Session expired. Please login again."}
{"level":"error","message":"POST /api/auth/refresh-token - Error: Session expired. Please login again."}
{"level":"error","message":"POST /api/auth/refresh-token - Error: Session expired. Please login again."}
{"level":"error","message":"POST /api/auth/refresh-token - Error: Session expired. Please login again."}
{"level":"error","message":"POST /api/auth/refresh-token - Error: Session expired. Please login again."}
{"level":"error","message":"POST /api/auth/refresh-token - Error: Session expired. Please login again."}
{"level":"error","message":"POST /api/auth/refresh-token - Error: Session expired. Please login again."}
{"level":"error","message":"POST /api/auth/refresh-token - Error: Session expired. Please login again."}
{"level":"error","message":"POST /api/auth/refresh-token - Error: Session expired. Please login again."}
{"level":"error","message":"POST /api/auth/refresh-token - Error: Session expired. Please login again."}
{"level":"error","message":"POST /api/auth/refresh-token - Error: Session expired. Please login again."}
{"level":"error","message":"POST /api/auth/refresh-token - Error: Session expired. Please login again."}
{"level":"error","message":"POST /api/auth/refresh-token - Error: Session expired. Please login again."}
{"level":"error","message":"POST /api/auth/request-password-reset - Error: User with this email does not exist."}
{"level":"error","message":"POST /api/auth/request-password-reset - Error: User with this email does not exist."}
{"level":"error","message":"POST /api/auth/request-password-reset - Error: User with this email does not exist."}
{"level":"error","message":"POST /api/auth/request-password-reset - Error: User with this email does not exist."}
{"level":"error","message":"POST /api/auth/request-password-reset - Error: User with this email does not exist."}
{"level":"error","message":"POST /api/auth/request-password-reset - Error: User with this email does not exist."}
{"level":"error","message":"POST /api/auth/request-password-reset - Error: User with this email does not exist."}
{"level":"error","message":"POST /api/auth/request-password-reset - Error: User with this email does not exist."}
{"level":"error","message":"POST /api/auth/request-password-reset - Error: User with this email does not exist."}
{"level":"error","message":"POST /api/auth/request-password-reset - Error: User with this email does not exist."}
{"level":"error","message":"POST /api/auth/request-password-reset - Error: User with this email does not exist."}
{"level":"error","message":"POST /api/auth/request-password-reset - Error: User with this email does not exist."}
{"level":"error","message":"POST /api/auth/request-password-reset - Error: User with this email does not exist."}
{"level":"error","message":"POST /api/auth/request-password-reset - Error: User with this email does not exist."}
{"level":"error","message":"POST /api/auth/request-password-reset - Error: User with this email does not exist."}
{"level":"error","message":"POST /api/auth/request-password-reset - Error: User with this email does not exist."}
{"level":"error","message":"POST /api/auth/request-password-reset - Error: User with this email does not exist."}
{"level":"error","message":"POST /api/auth/request-password-reset - Error: User with this email does not exist."}
{"level":"error","message":"POST /api/auth/request-password-reset - Error: User with this email does not exist."}
{"level":"error","message":"POST /api/auth/request-password-reset - Error: User with this email does not exist."}
{"level":"error","message":"POST /api/auth/request-password-reset - Error: User with this email does not exist."}
{"level":"error","message":"POST /api/auth/reset-password - Error: Invalid reset token."}
{"level":"error","message":"POST /api/auth/reset-password - Error: Invalid reset token."}
{"level":"error","message":"POST /api/auth/reset-password - Error: Invalid reset token."}
{"level":"error","message":"POST /api/auth/reset-password - Error: Invalid reset token."}
{"level":"error","message":"POST /api/auth/reset-password - Error: Invalid reset token."}
{"level":"error","message":"POST /api/auth/reset-password - Error: Invalid reset token."}
{"level":"error","message":"POST /api/auth/reset-password - Error: Invalid reset token."}
{"level":"error","message":"POST /api/auth/reset-password - Error: Invalid reset token."}
{"level":"error","message":"POST /api/auth/reset-password - Error: Invalid reset token."}
{"level":"error","message":"POST /api/auth/reset-password - Error: Invalid reset token."}
{"level":"error","message":"POST /api/auth/reset-password - Error: Invalid reset token."}
{"level":"error","message":"POST /api/auth/reset-password - Error: Invalid reset token."}
{"level":"error","message":"POST /api/auth/reset-password - Error: Invalid reset token."}
{"level":"error","message":"POST /api/auth/reset-password - Error: Invalid reset token."}
{"level":"error","message":"POST /api/auth/reset-password - Error: Invalid reset token."}
{"level":"error","message":"POST /api/auth/reset-password - Error: Invalid reset token."}
{"level":"error","message":"POST /api/auth/reset-password - Error: Invalid reset token."}
{"level":"error","message":"POST /api/auth/reset-password - Error: Invalid reset token."}
{"level":"error","message":"POST /api/auth/reset-password - Error: Invalid reset token."}
{"level":"error","message":"POST /api/auth/reset-password - Error: Invalid reset token."}
{"level":"error","message":"POST /api/auth/reset-password - Error: Invalid reset token."}
{"level":"error","message":"POST /api/auth/reset-password - Error: Invalid reset token."}
{"level":"error","message":"POST /api/auth/reset-password - Error: Invalid reset token."}
{"level":"error","message":"POST /api/auth/reset-password - Error: Invalid reset token."}
{"level":"error","message":"POST /api/auth/reset-password - Error: Invalid reset token."}
{"level":"error","message":"POST /api/auth/reset-password - Error: Invalid reset token."}
{"level":"error","message":"POST /api/auth/reset-password - Error: Invalid reset token."}
{"level":"error","message":"POST /api/auth/reset-password - Error: Invalid reset token."}
{"level":"error","message":"POST /api/auth/reset-password - Error: Invalid reset token."}
{"level":"error","message":"POST /api/auth/reset-password - Error: Invalid reset token."}
{"level":"error","message":"POST /api/auth/reset-password - Error: Invalid reset token."}
{"level":"error","message":"POST /api/auth/reset-password - Error: Invalid reset token."}
{"level":"error","message":"POST /api/auth/reset-password - Error: Invalid reset token."}
{"level":"error","message":"POST /api/auth/reset-password - Error: Invalid reset token."}
{"level":"error","message":"POST /api/auth/reset-password - Error: Invalid reset token."}
{"level":"error","message":"POST /api/auth/reset-password - Error: Invalid reset token."}
{"level":"error","message":"POST /api/auth/request-password-reset - Error: User with this email does not exist."}
{"level":"error","message":"GET /api/quotation - Error: getaddrinfo EAI_AGAIN quote-api.jup.ag"}
{"level":"error","message":"GET /api/farms - Error: Request failed with status code 500"}
{"level":"error","message":"GET /api/farms - Error: Request failed with status code 500"}
{"level":"error","message":"GET /api/farms - Error: Request failed with status code 500"}
{"level":"error","message":"GET /api/farms - Error: Request failed with status code 500"}
{"level":"error","message":"GET /api/quotation - Error: Cannot read properties of undefined (reading 'salt')"}
{"level":"error","message":"GET /api/quotation - Error: Cannot read properties of undefined (reading 'salt')"}
{"level":"error","message":"GET /api/quotation - Error: Cannot read properties of undefined (reading 'salt')"}
{"level":"error","message":"GET /api/quotation - Error: Cannot read properties of undefined (reading 'salt')"}
{"level":"error","message":"GET /api/quotation - Error: Cannot read properties of undefined (reading 'salt')"}
{"level":"error","message":"GET /api/quotation - Error: Cannot read properties of undefined (reading 'salt')"}
{"level":"error","message":"GET /api/quotation - Error: Cannot read properties of undefined (reading 'salt')"}
{"level":"error","message":"GET /api/quotation - Error: Wallet not exists."}
{"level":"error","message":"POST /api/auth/login - Error: Invalid email or password"}
{"level":"error","message":"POST /api/auth/login - Error: Invalid email or password"}
{"level":"error","message":"POST /api/auth/login - Error: Invalid email or password"}
{"level":"error","message":"POST /api/auth/login - Error: Invalid email or password"}
{"level":"error","message":"GET /api/quotation - Error: Target pool is not AMM pool"}
{"level":"error","message":"GET /api/quotation - Error: Target pool is not AMM pool"}
{"level":"error","message":"GET /api/quotation - Error: Target pool is not AMM pool"}
{"level":"error","message":"GET /api/quotation - Error: Target pool is not AMM pool"}
{"level":"error","message":"GET /api/quotation - Error: [DecimalError] Invalid argument: undefined"}
{"level":"error","message":"GET /api/quotation - Error: timeout of 10000ms exceeded"}
{"level":"error","message":"GET /api/quotation - Error: [DecimalError] Invalid argument: undefined"}
{"level":"error","message":"GET /api/quotation - Error: [DecimalError] Invalid argument: undefined"}
{"level":"error","message":"GET /api/quotation - Error: [DecimalError] Invalid argument: undefined"}
{"level":"error","message":"GET /api/quotation - Error: [DecimalError] Invalid argument: undefined"}
{"level":"error","message":"GET /api/quotation - Error: timeout of 10000ms exceeded"}
{"level":"error","message":"GET /api/quotation - Error: getaddrinfo EAI_AGAIN api-v3.raydium.io"}
{"level":"error","message":"GET /api/quotation - Error: timeout of 10000ms exceeded"}
{"level":"error","message":"GET /api/quotation - Error: fetch failed"}
{"level":"error","message":"GET /api/quotation - Error: timeout of 10000ms exceeded"}
{"level":"error","message":"GET /api/quotation - Error: undefined"}
{"level":"error","message":"GET /api/quotation - Error: failed to get info for multiple accounts, RPC_ERROR, fetch failed"}
{"level":"error","message":"GET /api/quotation - Error: fetch failed"}
{"level":"error","message":"GET /api/quotation - Error: failed to get info for multiple accounts, RPC_ERROR, fetch failed"}
{"level":"error","message":"GET /api/quotation - Error: getaddrinfo EAI_AGAIN api-v3.raydium.io"}
{"level":"error","message":"GET /api/quotation - Error: timeout of 10000ms exceeded"}
{"level":"error","message":"GET /api/quotation - Error: timeout of 10000ms exceeded"}
{"level":"error","message":"GET /api/quotation - Error: timeout of 10000ms exceeded"}
{"level":"error","message":"GET /api/quotation - Error: undefined"}
{"level":"error","message":"GET /api/user/portfolio - Error: Request failed with status code 403"}
{"level":"error","message":"GET /api/user/portfolio - Error: Request failed with status code 403"}
{"level":"error","message":"GET /api/user/portfolio - Error: Request failed with status code 403"}
{"level":"error","message":"GET /api/user/portfolio - Error: Request failed with status code 403"}
{"level":"error","message":"GET /api/user/portfolio - Error: Request failed with status code 403"}
{"level":"error","message":"GET /api/user/portfolio - Error: Request failed with status code 403"}
{"level":"error","message":"GET /api/user/portfolio - Error: Request failed with status code 403"}
{"level":"error","message":"GET /api/user/portfolio - Error: Request failed with status code 403"}
{"level":"error","message":"GET /api/user/portfolio - Error: Request failed with status code 403"}
{"level":"error","message":"GET /api/user/portfolio - Error: Request failed with status code 403"}
{"level":"error","message":"GET /api/user/portfolio - Error: getaddrinfo EAI_AGAIN portfolio-api-jup-pos.sonar.watch"}
{"level":"error","message":"GET /api/user/portfolio - Error: getaddrinfo EAI_AGAIN portfolio-api-jup-pos.sonar.watch"}
{"level":"error","message":"GET /api/user/portfolio - Error: Request failed with status code 403"}
{"level":"error","message":"GET /api/increase-liquidity - Error: [object Object]"}
{"level":"error","message":"GET /api/increase-liquidity - Error: AxiosError: timeout of 10000ms exceeded"}
{"level":"error","message":"GET /api/increase-liquidity - Error: AxiosError: timeout of 10000ms exceeded"}
{"level":"error","message":"GET /api/increase-liquidity - Error: [object Object]"}
{"level":"error","message":"GET /api/increase-liquidity - Error: [object Object]"}
{"level":"error","message":"GET /api/increase-liquidity - Error: [object Object]"}
{"level":"error","message":"GET /api/increase-liquidity - Error: [object Object]"}
{"level":"error","message":"GET /api/increase-liquidity - Error: [object Object]"}
{"level":"error","message":"GET /api/increase-liquidity - Error: AxiosError: timeout of 10000ms exceeded"}
{"level":"error","message":"GET /api/decrease-liquidity - Error: [object Object]"}
{"level":"error","message":"GET /api/decrease-liquidity - Error: [object Object]"}
{"level":"error","message":"GET /api/decrease-liquidity - Error: Error: failed to get info about account F8UrBLV3wgc2DSMqRPH88mQyqSnyAkt9uEwf1SNPzXTL: TypeError: fetch failed"}
{"level":"error","message":"GET /api/decrease-liquidity - Error: Error: Fail: \"amount\" is required"}
{"level":"error","message":"GET /api/decrease-liquidity - Error: Error: Fail: Percentage must not be greater than 100."}
{"level":"error","message":"GET /api/decrease-liquidity - Error: AxiosError: timeout of 10000ms exceeded"}
{"level":"error","message":"GET /api/decrease-liquidity - Error: Error: getaddrinfo EAI_AGAIN api-v3.raydium.io"}
{"level":"error","message":"GET /api/create-position - Error: undefined"}
{"level":"error","message":"GET /api/create-position - Error: undefined"}
{"level":"error","message":"GET /api/create-position - Error: AxiosError: timeout of 10000ms exceeded"}
{"level":"error","message":"GET /api/create-position - Error: [object Object]"}
{"level":"error","message":"GET /api/create-position - Error: [object Object]"}
{"level":"error","message":"GET /api/close-position - Error: [object Object]"}
{"level":"error","message":"GET /api/close-position - Error: Error: Fail: Position liquidity is not zero"}
{"level":"error","message":"GET /api/close-position - Error: Error: Fail: Position liquidity is not zero"}
{"level":"error","message":"GET /api/close-position - Error: Error: Fail: Position liquidity is not zero"}
{"level":"error","message":"POST /stake-raydium - Error: Error: user do not have lp amount"}
{"level":"error","message":"POST /stake-raydium - Error: Error: Fail: user do not have lp amount"}
{"level":"error","message":"POST /stake-raydium - Error: Error: Fail: user do not have lp amount"}
{"level":"error","message":"POST /stake-raydium - Error: Error: Fail: user do not have lp amount"}
{"level":"error","message":"POST /stake-raydium - Error: Error: Fail: user do not have lp amount"}
{"level":"error","message":"POST /stake-raydium - Error: Error: [\"you don't have any lp\",\"lp zero\",{}]"}
{"level":"error","message":"GET /api/create-position - Error: [object Object]"}
{"level":"error","message":"POST /unstake-raydium - Error: Error: unstake amount is greater than staked amount"}
{"level":"error","message":"POST /api/auth/login - Error: User not verified."}
{"level":"error","message":"POST /api/auth/verify-email - Error: User is already verified."}
{"level":"error","message":"POST /api/auth/send-verification-email - Error: User is already verified."}
{"level":"error","message":"POST /api/auth/verify-email - Error: User is already verified."}
{"level":"error","message":"POST /api/auth/send-verification-email - Error: User is already verified."}
